<?xml version="1.0" encoding="UTF-8" ?>
<testsuite failures="0" time="1.925" errors="0" skipped="0" tests="2" name="com.sun.jersey.samples.helloworld.HelloWorldWebAppTest">
  <properties>
    <property name="java.runtime.name" value="Java(TM) SE Runtime Environment"/>
    <property name="sun.boot.library.path" value="C:\Program Files\Java\jdk1.7.0_79\jre\bin"/>
    <property name="java.vm.version" value="24.79-b02"/>
    <property name="user.country.format" value="SE"/>
    <property name="java.vm.vendor" value="Oracle Corporation"/>
    <property name="java.vendor.url" value="http://java.oracle.com/"/>
    <property name="path.separator" value=";"/>
    <property name="java.vm.name" value="Java HotSpot(TM) 64-Bit Server VM"/>
    <property name="file.encoding.pkg" value="sun.io"/>
    <property name="user.script" value=""/>
    <property name="user.country" value="GB"/>
    <property name="sun.java.launcher" value="SUN_STANDARD"/>
    <property name="sun.os.patch.level" value=""/>
    <property name="java.vm.specification.name" value="Java Virtual Machine Specification"/>
    <property name="user.dir" value="D:\Eclipse workspace\helloworld-webapp"/>
    <property name="java.runtime.version" value="1.7.0_79-b15"/>
    <property name="java.awt.graphicsenv" value="sun.awt.Win32GraphicsEnvironment"/>
    <property name="basedir" value="D:\Eclipse workspace\helloworld-webapp"/>
    <property name="java.endorsed.dirs" value="C:\Program Files\Java\jdk1.7.0_79\jre\lib\endorsed"/>
    <property name="os.arch" value="amd64"/>
    <property name="surefire.real.class.path" value="D:\Eclipse workspace\helloworld-webapp\target\surefire\surefirebooter9219327994453764339.jar"/>
    <property name="java.io.tmpdir" value="C:\Users\Kim\AppData\Local\Temp\"/>
    <property name="line.separator" value="
"/>
    <property name="java.vm.specification.vendor" value="Oracle Corporation"/>
    <property name="user.variant" value=""/>
    <property name="os.name" value="Windows 8.1"/>
    <property name="sun.jnu.encoding" value="Cp1252"/>
    <property name="java.library.path" value="C:\Program Files\Java\jdk1.7.0_79\jre\bin;C:\Windows\Sun\Java\bin;C:\Windows\system32;C:\Windows;C:\ProgramData\Oracle\Java\javapath;C:\Program Files (x86)\NVIDIA Corporation\PhysX\Common;C:\Windows\system32;C:\Windows;C:\Windows\System32\Wbem;C:\Windows\System32\WindowsPowerShell\v1.0\;C:\Program Files (x86)\ATI Technologies\ATI.ACE\Core-Static;C:\Program Files (x86)\Skype\Phone\;D:\Programs\maven\apache-maven-3.3.9\bin;C:\Program Files\Java\jdk1.7.0_79\bin;."/>
    <property name="surefire.test.class.path" value="D:\Eclipse workspace\helloworld-webapp\target\test-classes;D:\Eclipse workspace\helloworld-webapp\target\classes;C:\Users\Kim\.m2\repository\com\sun\jersey\jersey-servlet\1.19\jersey-servlet-1.19.jar;C:\Users\Kim\.m2\repository\com\sun\jersey\jersey-server\1.19\jersey-server-1.19.jar;C:\Users\Kim\.m2\repository\com\sun\jersey\jersey-json\1.19\jersey-json-1.19.jar;C:\Users\Kim\.m2\repository\org\codehaus\jettison\jettison\1.1\jettison-1.1.jar;C:\Users\Kim\.m2\repository\com\sun\xml\bind\jaxb-impl\2.2.3-1\jaxb-impl-2.2.3-1.jar;C:\Users\Kim\.m2\repository\javax\xml\bind\jaxb-api\2.2.2\jaxb-api-2.2.2.jar;C:\Users\Kim\.m2\repository\javax\xml\stream\stax-api\1.0-2\stax-api-1.0-2.jar;C:\Users\Kim\.m2\repository\javax\activation\activation\1.1\activation-1.1.jar;C:\Users\Kim\.m2\repository\org\codehaus\jackson\jackson-core-asl\1.9.2\jackson-core-asl-1.9.2.jar;C:\Users\Kim\.m2\repository\org\codehaus\jackson\jackson-mapper-asl\1.9.2\jackson-mapper-asl-1.9.2.jar;C:\Users\Kim\.m2\repository\org\codehaus\jackson\jackson-jaxrs\1.9.2\jackson-jaxrs-1.9.2.jar;C:\Users\Kim\.m2\repository\org\codehaus\jackson\jackson-xc\1.9.2\jackson-xc-1.9.2.jar;C:\Users\Kim\.m2\repository\com\sun\jersey\jersey-core\1.19\jersey-core-1.19.jar;C:\Users\Kim\.m2\repository\javax\ws\rs\jsr311-api\1.1.1\jsr311-api-1.1.1.jar;C:\Users\Kim\.m2\repository\com\sun\jersey\contribs\jersey-multipart\1.19\jersey-multipart-1.19.jar;C:\Users\Kim\.m2\repository\org\jvnet\mimepull\mimepull\1.9.3\mimepull-1.9.3.jar;C:\Users\Kim\.m2\repository\com\sun\jersey\jersey-test-framework\jersey-test-framework-grizzly2\1.19\jersey-test-framework-grizzly2-1.19.jar;C:\Users\Kim\.m2\repository\com\sun\jersey\jersey-test-framework\jersey-test-framework-core\1.19\jersey-test-framework-core-1.19.jar;C:\Users\Kim\.m2\repository\javax\servlet\javax.servlet-api\3.0.1\javax.servlet-api-3.0.1.jar;C:\Users\Kim\.m2\repository\junit\junit\4.8.2\junit-4.8.2.jar;C:\Users\Kim\.m2\repository\com\sun\jersey\jersey-client\1.19\jersey-client-1.19.jar;C:\Users\Kim\.m2\repository\com\sun\jersey\jersey-grizzly2-servlet\1.19\jersey-grizzly2-servlet-1.19.jar;C:\Users\Kim\.m2\repository\org\glassfish\grizzly\grizzly-http-servlet\2.2.16\grizzly-http-servlet-2.2.16.jar;C:\Users\Kim\.m2\repository\org\glassfish\grizzly\grizzly-http-server\2.2.16\grizzly-http-server-2.2.16.jar;C:\Users\Kim\.m2\repository\org\glassfish\grizzly\grizzly-rcm\2.2.16\grizzly-rcm-2.2.16.jar;C:\Users\Kim\.m2\repository\com\sun\jersey\jersey-grizzly2\1.19\jersey-grizzly2-1.19.jar;C:\Users\Kim\.m2\repository\org\glassfish\grizzly\grizzly-http\2.2.16\grizzly-http-2.2.16.jar;C:\Users\Kim\.m2\repository\org\glassfish\grizzly\grizzly-framework\2.2.16\grizzly-framework-2.2.16.jar;C:\Users\Kim\.m2\repository\com\sun\jersey\jersey-test-framework\jersey-test-framework-external\1.19\jersey-test-framework-external-1.19.jar;"/>
    <property name="java.specification.name" value="Java Platform API Specification"/>
    <property name="java.class.version" value="51.0"/>
    <property name="sun.management.compiler" value="HotSpot 64-Bit Tiered Compilers"/>
    <property name="os.version" value="6.3"/>
    <property name="user.home" value="C:\Users\Kim"/>
    <property name="user.timezone" value="Europe/Berlin"/>
    <property name="java.awt.printerjob" value="sun.awt.windows.WPrinterJob"/>
    <property name="java.specification.version" value="1.7"/>
    <property name="file.encoding" value="Cp1252"/>
    <property name="user.name" value="Kim"/>
    <property name="java.class.path" value="D:\Eclipse workspace\helloworld-webapp\target\test-classes;D:\Eclipse workspace\helloworld-webapp\target\classes;C:\Users\Kim\.m2\repository\com\sun\jersey\jersey-servlet\1.19\jersey-servlet-1.19.jar;C:\Users\Kim\.m2\repository\com\sun\jersey\jersey-server\1.19\jersey-server-1.19.jar;C:\Users\Kim\.m2\repository\com\sun\jersey\jersey-json\1.19\jersey-json-1.19.jar;C:\Users\Kim\.m2\repository\org\codehaus\jettison\jettison\1.1\jettison-1.1.jar;C:\Users\Kim\.m2\repository\com\sun\xml\bind\jaxb-impl\2.2.3-1\jaxb-impl-2.2.3-1.jar;C:\Users\Kim\.m2\repository\javax\xml\bind\jaxb-api\2.2.2\jaxb-api-2.2.2.jar;C:\Users\Kim\.m2\repository\javax\xml\stream\stax-api\1.0-2\stax-api-1.0-2.jar;C:\Users\Kim\.m2\repository\javax\activation\activation\1.1\activation-1.1.jar;C:\Users\Kim\.m2\repository\org\codehaus\jackson\jackson-core-asl\1.9.2\jackson-core-asl-1.9.2.jar;C:\Users\Kim\.m2\repository\org\codehaus\jackson\jackson-mapper-asl\1.9.2\jackson-mapper-asl-1.9.2.jar;C:\Users\Kim\.m2\repository\org\codehaus\jackson\jackson-jaxrs\1.9.2\jackson-jaxrs-1.9.2.jar;C:\Users\Kim\.m2\repository\org\codehaus\jackson\jackson-xc\1.9.2\jackson-xc-1.9.2.jar;C:\Users\Kim\.m2\repository\com\sun\jersey\jersey-core\1.19\jersey-core-1.19.jar;C:\Users\Kim\.m2\repository\javax\ws\rs\jsr311-api\1.1.1\jsr311-api-1.1.1.jar;C:\Users\Kim\.m2\repository\com\sun\jersey\contribs\jersey-multipart\1.19\jersey-multipart-1.19.jar;C:\Users\Kim\.m2\repository\org\jvnet\mimepull\mimepull\1.9.3\mimepull-1.9.3.jar;C:\Users\Kim\.m2\repository\com\sun\jersey\jersey-test-framework\jersey-test-framework-grizzly2\1.19\jersey-test-framework-grizzly2-1.19.jar;C:\Users\Kim\.m2\repository\com\sun\jersey\jersey-test-framework\jersey-test-framework-core\1.19\jersey-test-framework-core-1.19.jar;C:\Users\Kim\.m2\repository\javax\servlet\javax.servlet-api\3.0.1\javax.servlet-api-3.0.1.jar;C:\Users\Kim\.m2\repository\junit\junit\4.8.2\junit-4.8.2.jar;C:\Users\Kim\.m2\repository\com\sun\jersey\jersey-client\1.19\jersey-client-1.19.jar;C:\Users\Kim\.m2\repository\com\sun\jersey\jersey-grizzly2-servlet\1.19\jersey-grizzly2-servlet-1.19.jar;C:\Users\Kim\.m2\repository\org\glassfish\grizzly\grizzly-http-servlet\2.2.16\grizzly-http-servlet-2.2.16.jar;C:\Users\Kim\.m2\repository\org\glassfish\grizzly\grizzly-http-server\2.2.16\grizzly-http-server-2.2.16.jar;C:\Users\Kim\.m2\repository\org\glassfish\grizzly\grizzly-rcm\2.2.16\grizzly-rcm-2.2.16.jar;C:\Users\Kim\.m2\repository\com\sun\jersey\jersey-grizzly2\1.19\jersey-grizzly2-1.19.jar;C:\Users\Kim\.m2\repository\org\glassfish\grizzly\grizzly-http\2.2.16\grizzly-http-2.2.16.jar;C:\Users\Kim\.m2\repository\org\glassfish\grizzly\grizzly-framework\2.2.16\grizzly-framework-2.2.16.jar;C:\Users\Kim\.m2\repository\com\sun\jersey\jersey-test-framework\jersey-test-framework-external\1.19\jersey-test-framework-external-1.19.jar;"/>
    <property name="java.vm.specification.version" value="1.7"/>
    <property name="sun.arch.data.model" value="64"/>
    <property name="java.home" value="C:\Program Files\Java\jdk1.7.0_79\jre"/>
    <property name="sun.java.command" value="D:\Eclipse workspace\helloworld-webapp\target\surefire\surefirebooter9219327994453764339.jar D:\Eclipse workspace\helloworld-webapp\target\surefire\surefire6999482648205459175tmp D:\Eclipse workspace\helloworld-webapp\target\surefire\surefire1039736174565267778tmp"/>
    <property name="java.specification.vendor" value="Oracle Corporation"/>
    <property name="user.language" value="en"/>
    <property name="user.language.format" value="sv"/>
    <property name="awt.toolkit" value="sun.awt.windows.WToolkit"/>
    <property name="java.vm.info" value="mixed mode"/>
    <property name="java.version" value="1.7.0_79"/>
    <property name="java.ext.dirs" value="C:\Program Files\Java\jdk1.7.0_79\jre\lib\ext;C:\Windows\Sun\Java\lib\ext"/>
    <property name="sun.boot.class.path" value="C:\Program Files\Java\jdk1.7.0_79\jre\lib\resources.jar;C:\Program Files\Java\jdk1.7.0_79\jre\lib\rt.jar;C:\Program Files\Java\jdk1.7.0_79\jre\lib\sunrsasign.jar;C:\Program Files\Java\jdk1.7.0_79\jre\lib\jsse.jar;C:\Program Files\Java\jdk1.7.0_79\jre\lib\jce.jar;C:\Program Files\Java\jdk1.7.0_79\jre\lib\charsets.jar;C:\Program Files\Java\jdk1.7.0_79\jre\lib\jfr.jar;C:\Program Files\Java\jdk1.7.0_79\jre\classes"/>
    <property name="java.vendor" value="Oracle Corporation"/>
    <property name="localRepository" value="C:\Users\Kim\.m2\repository"/>
    <property name="file.separator" value="\"/>
    <property name="java.vendor.url.bug" value="http://bugreport.sun.com/bugreport/"/>
    <property name="sun.cpu.endian" value="little"/>
    <property name="sun.io.unicode.encoding" value="UnicodeLittle"/>
    <property name="sun.desktop" value="windows"/>
    <property name="sun.cpu.isalist" value="amd64"/>
  </properties>
  <testcase time="1.511" classname="com.sun.jersey.samples.helloworld.HelloWorldWebAppTest" name="testHelloWorld"/>
  <testcase time="0.361" classname="com.sun.jersey.samples.helloworld.HelloWorldWebAppTest" name="testApplicationWadl"/>
</testsuite>